C:\Users\josburn\Documents\programming\lua515\lua515\Release\cl.command.1.tlog
C:\Users\josburn\Documents\programming\lua515\lua515\Release\CL.read.1.tlog
C:\Users\josburn\Documents\programming\lua515\lua515\Release\CL.write.1.tlog
C:\USERS\JOSBURN\DOCUMENTS\PROGRAMMING\LUA515\LUA515\RELEASE\LAPI.OBJ
C:\USERS\JOSBURN\DOCUMENTS\PROGRAMMING\LUA515\LUA515\RELEASE\LAUXLIB.OBJ
C:\USERS\JOSBURN\DOCUMENTS\PROGRAMMING\LUA515\LUA515\RELEASE\LBASELIB.OBJ
C:\USERS\JOSBURN\DOCUMENTS\PROGRAMMING\LUA515\LUA515\RELEASE\LCODE.OBJ
C:\USERS\JOSBURN\DOCUMENTS\PROGRAMMING\LUA515\LUA515\RELEASE\LDBLIB.OBJ
C:\USERS\JOSBURN\DOCUMENTS\PROGRAMMING\LUA515\LUA515\RELEASE\LDEBUG.OBJ
C:\USERS\JOSBURN\DOCUMENTS\PROGRAMMING\LUA515\LUA515\RELEASE\LDO.OBJ
C:\USERS\JOSBURN\DOCUMENTS\PROGRAMMING\LUA515\LUA515\RELEASE\LDUMP.OBJ
C:\USERS\JOSBURN\DOCUMENTS\PROGRAMMING\LUA515\LUA515\RELEASE\LFUNC.OBJ
C:\USERS\JOSBURN\DOCUMENTS\PROGRAMMING\LUA515\LUA515\RELEASE\LGC.OBJ
C:\USERS\JOSBURN\DOCUMENTS\PROGRAMMING\LUA515\LUA515\RELEASE\LINIT.OBJ
C:\Users\josburn\Documents\programming\lua515\lua515\Release\link.command.1.tlog
C:\Users\josburn\Documents\programming\lua515\lua515\Release\link.read.1.tlog
C:\Users\josburn\Documents\programming\lua515\lua515\Release\link.write.1.tlog
C:\USERS\JOSBURN\DOCUMENTS\PROGRAMMING\LUA515\LUA515\RELEASE\LIOLIB.OBJ
C:\USERS\JOSBURN\DOCUMENTS\PROGRAMMING\LUA515\LUA515\RELEASE\LLEX.OBJ
C:\USERS\JOSBURN\DOCUMENTS\PROGRAMMING\LUA515\LUA515\RELEASE\LMATHLIB.OBJ
C:\USERS\JOSBURN\DOCUMENTS\PROGRAMMING\LUA515\LUA515\RELEASE\LMEM.OBJ
C:\USERS\JOSBURN\DOCUMENTS\PROGRAMMING\LUA515\LUA515\RELEASE\LOADLIB.OBJ
C:\USERS\JOSBURN\DOCUMENTS\PROGRAMMING\LUA515\LUA515\RELEASE\LOBJECT.OBJ
C:\USERS\JOSBURN\DOCUMENTS\PROGRAMMING\LUA515\LUA515\RELEASE\LOPCODES.OBJ
C:\USERS\JOSBURN\DOCUMENTS\PROGRAMMING\LUA515\LUA515\RELEASE\LOSLIB.OBJ
C:\USERS\JOSBURN\DOCUMENTS\PROGRAMMING\LUA515\LUA515\RELEASE\LPARSER.OBJ
C:\USERS\JOSBURN\DOCUMENTS\PROGRAMMING\LUA515\LUA515\RELEASE\LSTATE.OBJ
C:\USERS\JOSBURN\DOCUMENTS\PROGRAMMING\LUA515\LUA515\RELEASE\LSTRING.OBJ
C:\USERS\JOSBURN\DOCUMENTS\PROGRAMMING\LUA515\LUA515\RELEASE\LSTRLIB.OBJ
C:\USERS\JOSBURN\DOCUMENTS\PROGRAMMING\LUA515\LUA515\RELEASE\LTABLE.OBJ
C:\USERS\JOSBURN\DOCUMENTS\PROGRAMMING\LUA515\LUA515\RELEASE\LTABLIB.OBJ
C:\USERS\JOSBURN\DOCUMENTS\PROGRAMMING\LUA515\LUA515\RELEASE\LTM.OBJ
C:\USERS\JOSBURN\DOCUMENTS\PROGRAMMING\LUA515\LUA515\RELEASE\LUA515.DLL.INTERMEDIATE.MANIFEST
C:\USERS\JOSBURN\DOCUMENTS\PROGRAMMING\LUA515\LUA515\RELEASE\LUNDUMP.OBJ
C:\USERS\JOSBURN\DOCUMENTS\PROGRAMMING\LUA515\LUA515\RELEASE\LVM.OBJ
C:\USERS\JOSBURN\DOCUMENTS\PROGRAMMING\LUA515\LUA515\RELEASE\LZIO.OBJ
C:\Users\josburn\Documents\programming\lua515\lua515\Release\mt.command.1.tlog
C:\Users\josburn\Documents\programming\lua515\lua515\Release\mt.read.1.tlog
C:\Users\josburn\Documents\programming\lua515\lua515\Release\mt.write.1.tlog
C:\USERS\JOSBURN\DOCUMENTS\PROGRAMMING\LUA515\LUA515\RELEASE\PRINT.OBJ
C:\USERS\JOSBURN\DOCUMENTS\PROGRAMMING\LUA515\LUA515\RELEASE\VC100.PDB
C:\USERS\JOSBURN\DOCUMENTS\PROGRAMMING\LUA515\RELEASE\LUA515.DLL
C:\USERS\JOSBURN\DOCUMENTS\PROGRAMMING\LUA515\RELEASE\LUA515.PDB
