Build started 2/25/2013 8:20:37 PM.
     1>Project "C:\Users\josburn\Documents\programming\lua515\lua\lua.vcxproj" on node 3 (build target(s)).
     1>InitializeBuildStatus:
         Touching "Debug\lua.unsuccessfulbuild".
       ClCompile:
         All outputs are up-to-date.
       ManifestResourceCompile:
         All outputs are up-to-date.
       Link:
         c:\Program Files (x86)\Microsoft Visual Studio 10.0\VC\bin\link.exe /ERRORREPORT:PROMPT /OUT:"C:\Users\josburn\Documents\programming\lua515\Debug\lua.exe" /INCREMENTAL /NOLOGO /LIBPATH:..\Debug kernel32.lib user32.lib gdi32.lib winspool.lib comdlg32.lib advapi32.lib shell32.lib ole32.lib oleaut32.lib uuid.lib odbc32.lib odbccp32.lib lua515.lib kernel32.lib user32.lib gdi32.lib winspool.lib comdlg32.lib advapi32.lib shell32.lib ole32.lib oleaut32.lib uuid.lib odbc32.lib odbccp32.lib /MANIFEST /ManifestFile:"Debug\lua.exe.intermediate.manifest" /MANIFESTUAC:"level='asInvoker' uiAccess='false'" /DEBUG /PDB:"C:\Users\josburn\Documents\programming\lua515\Debug\lua.pdb" /SUBSYSTEM:CONSOLE /TLBID:1 /DYNAMICBASE /NXCOMPAT /IMPLIB:"C:\Users\josburn\Documents\programming\lua515\Debug\lua.lib" /MACHINE:X86 Debug\lua.exe.embed.manifest.res
         Debug\lua.obj
       Manifest:
         C:\Program Files (x86)\Microsoft SDKs\Windows\v7.0A\bin\mt.exe /nologo /verbose /out:"Debug\lua.exe.embed.manifest" /manifest Debug\lua.exe.intermediate.manifest
         C:\Program Files (x86)\Microsoft SDKs\Windows\v7.0A\bin\rc.exe /nologo /fo"Debug\lua.exe.embed.manifest.res" Debug\lua_manifest.rc 
       LinkEmbedManifest:
         c:\Program Files (x86)\Microsoft Visual Studio 10.0\VC\bin\link.exe /ERRORREPORT:PROMPT /OUT:"C:\Users\josburn\Documents\programming\lua515\Debug\lua.exe" /INCREMENTAL /NOLOGO /LIBPATH:..\Debug kernel32.lib user32.lib gdi32.lib winspool.lib comdlg32.lib advapi32.lib shell32.lib ole32.lib oleaut32.lib uuid.lib odbc32.lib odbccp32.lib lua515.lib kernel32.lib user32.lib gdi32.lib winspool.lib comdlg32.lib advapi32.lib shell32.lib ole32.lib oleaut32.lib uuid.lib odbc32.lib odbccp32.lib /MANIFEST /ManifestFile:"Debug\lua.exe.intermediate.manifest" /MANIFESTUAC:"level='asInvoker' uiAccess='false'" /DEBUG /PDB:"C:\Users\josburn\Documents\programming\lua515\Debug\lua.pdb" /SUBSYSTEM:CONSOLE /TLBID:1 /DYNAMICBASE /NXCOMPAT /IMPLIB:"C:\Users\josburn\Documents\programming\lua515\Debug\lua.lib" /MACHINE:X86 Debug\lua.exe.embed.manifest.res
         Debug\lua.obj
         lua.vcxproj -> C:\Users\josburn\Documents\programming\lua515\Debug\lua.exe
       FinalizeBuildStatus:
         Deleting file "Debug\lua.unsuccessfulbuild".
         Touching "Debug\lua.lastbuildstate".
     1>Done Building Project "C:\Users\josburn\Documents\programming\lua515\lua\lua.vcxproj" (build target(s)).

Build succeeded.

Time Elapsed 00:00:00.72
